================================================================================
Rose Solve Submission Log
================================================================================

Model Information:
  Model file: ramsey_r3_s3_n3.mps
  Run number: 1
  Solve ID: 3a11b598-e196-4dd7-8981-0db988e02ec6

Timing Information:
  Submitted to Rose: 2026-03-15 16:02:48.343440

  Status: optimal

Note: Use rose_poll_and_download.py to poll for completion and download results from S3
S3 Files:
  Files downloaded (13):
    - basic_metrics.json
    - bounds.json
    - detailed_bounds.json
    - detailed_config.json
    - detailed_metrics.json
    - detailed_ping.json
    - detailed_trace.json
    - info.json
    - manifest.json
    - problem.json
    - status.json
    - stderr.txt
    - stdout.txt
  (All S3 files saved in run folder)

================================================================================
